<?xml version="1.0" encoding="UTF-8"?>
<!-- Generated by org.testng.reporters.JUnitXMLReporter -->
<testsuite ignored="0" hostname="DDC5-L-1339XQ3" failures="0" tests="14" name=".Tutorial Ninja Test" time="313.23" errors="0" timestamp="2024-05-14T22:01:43 IST">
  <testcase classname="com.tutorialsninja.qa.testCases.RegisterTest" name="VerifyRegisteringAccountWithMandatoryFields" time="6.232"/>
  <testcase classname="com.tutorialsninja.qa.testCases.RegisterTest" name="VerifyRegisteringAccountByProvidingAllFields" time="4.417"/>
  <testcase classname="com.tutorialsninja.qa.testCases.RegisterTest" name="VerifyRegisteringExistingAccountCredentials" time="3.073"/>
  <testcase classname="com.tutorialsninja.qa.testCases.RegisterTest" name="VerifyRegisteringAccountWithoutAnyDetails" time="0.855"/>
  <testcase classname="com.tutorialsninja.qa.testCases.LoginTest" name="verifyValidLoginCredentials" time="2.929"/>
  <testcase classname="com.tutorialsninja.qa.testCases.LoginTest" name="verifyInvalidLoginCredentials" time="1.322"/>
  <testcase classname="com.tutorialsninja.qa.testCases.LoginTest" name="verifyInvalidEmailAndValidPassword" time="1.212"/>
  <testcase classname="com.tutorialsninja.qa.testCases.LoginTest" name="verifyValidEmailAndInvalidPassword" time="1.365"/>
  <testcase classname="com.tutorialsninja.qa.testCases.LoginTest" name="verifyLoginWithNoCredentials" time="0.671"/>
  <testcase classname="com.tutorialsninja.qa.testCases.LoginTest" name="verifyValidLoginCredentials1" time="1.294"/>
  <testcase classname="com.tutorialsninja.qa.testCases.LoginTest" name="verifyValidLoginCredentials1" time="1.262"/>
  <testcase classname="com.tutorialsninja.qa.testCases.LoginTest" name="verifyValidLoginCredentials2" time="5.653"/>
  <testcase classname="com.tutorialsninja.qa.testCases.LoginTest" name="verifyValidLoginCredentials2" time="1.56"/>
  <testcase classname="com.tutorialsninja.qa.testCases.searchTest" name="verifyWithValidProduct" time="5.219"/>
</testsuite> <!-- .Tutorial Ninja Test -->
